<?xml version="1.0" encoding="utf-8"?><testsuites><testsuite errors="0" failures="0" hostname="erfan-System-Product-Name" name="pytest" skipped="0" tests="136" time="904.982" timestamp="2021-03-02T10:58:14.973975"><testcase classname="tests.shakelib.distance_test" file="tests/shakelib/distance_test.py" line="34" name="test_san_fernando" time="0.013" /><testcase classname="tests.shakelib.distance_test" file="tests/shakelib/distance_test.py" line="162" name="test_exceptions" time="0.142" /><testcase classname="tests.shakelib.distance_test" file="tests/shakelib/distance_test.py" line="216" name="test_distance_no_rupture" time="71.726" /><testcase classname="tests.shakelib.distance_test" file="tests/shakelib/distance_test.py" line="741" name="test_distance_from_sites_origin" time="0.013" /><testcase classname="tests.shakelib.distance_test" file="tests/shakelib/distance_test.py" line="896" name="test_chichi_with_get_distance" time="0.195" /><testcase classname="tests.shakelib.multigmpe_test" file="tests/shakelib/multigmpe_test.py" line="49" name="test_basic" time="0.075" /><testcase classname="tests.shakelib.multigmpe_test" file="tests/shakelib/multigmpe_test.py" line="137" name="test_filter_gmpe_list" time="0.001" /><testcase classname="tests.shakelib.multigmpe_test" file="tests/shakelib/multigmpe_test.py" line="153" name="test_from_config_set_of_sets" time="0.071" /><testcase classname="tests.shakelib.multigmpe_test" file="tests/shakelib/multigmpe_test.py" line="283" name="test_from_config_set_of_gmpes" time="0.060" /><testcase classname="tests.shakelib.multigmpe_test" file="tests/shakelib/multigmpe_test.py" line="376" name="test_from_config_set_of_sets_3_sec" time="0.036" /><testcase classname="tests.shakelib.multigmpe_test" file="tests/shakelib/multigmpe_test.py" line="477" name="test_from_config_single_gmpe" time="0.004" /><testcase classname="tests.shakelib.multigmpe_test" file="tests/shakelib/multigmpe_test.py" line="548" name="test_nga_w2_m8" time="0.007" /><testcase classname="tests.shakelib.multigmpe_test" file="tests/shakelib/multigmpe_test.py" line="804" name="test_nga_w2_m6" time="0.007" /><testcase classname="tests.shakelib.multigmpe_test" file="tests/shakelib/multigmpe_test.py" line="1046" name="test_multigmpe_has_site" time="0.001" /><testcase classname="tests.shakelib.multigmpe_test" file="tests/shakelib/multigmpe_test.py" line="1055" name="test_multigmpe_get_site_factors" time="17.701" /><testcase classname="tests.shakelib.multigmpe_test" file="tests/shakelib/multigmpe_test.py" line="1183" name="test_multigmpe_get_sites_depth_parameters" time="0.006" /><testcase classname="tests.shakelib.multigmpe_test" file="tests/shakelib/multigmpe_test.py" line="1239" name="test_point_source_stddev_inflation" time="7.550" /><testcase classname="tests.shakelib.multigmpe_test" file="tests/shakelib/multigmpe_test.py" line="1289" name="test_multigmpe_get_mean_stddevs" time="0.082" /><testcase classname="tests.shakelib.multigmpe_test" file="tests/shakelib/multigmpe_test.py" line="1517" name="test_multigmpe_exceptions" time="0.003" /><testcase classname="tests.shakelib.sites_test" file="tests/shakelib/sites_test.py" line="20" name="test_depthpars" time="0.002" /><testcase classname="tests.shakelib.sites_test" file="tests/shakelib/sites_test.py" line="51" name="test_sites" time="0.033" /><testcase classname="tests.shakelib.station_test" file="tests/shakelib/station_test.py" line="27" name="test_station" time="0.758" /><testcase classname="tests.shakelib.station_test" file="tests/shakelib/station_test.py" line="109" name="test_station2" time="0.272" /><testcase classname="tests.shakelib.station_test" file="tests/shakelib/station_test.py" line="173" name="test_station3" time="0.520" /><testcase classname="tests.shakelib.station_test" file="tests/shakelib/station_test.py" line="210" name="test_station4" time="0.051" /><testcase classname="tests.shakelib.station_test" file="tests/shakelib/station_test.py" line="228" name="test_station5" time="0.974" /><testcase classname="tests.shakelib.virtualipe_test" file="tests/shakelib/virtualipe_test.py" line="30" name="test_virtualipe" time="0.375" /><testcase classname="tests.shakelib.conversions.imc.beyer_bommer_2006_test" file="tests/shakelib/conversions/imc/beyer_bommer_2006_test.py" line="164" name="test_bb06" time="0.008" /><testcase classname="tests.shakelib.conversions.imc.boore_kishida_2017_test" file="tests/shakelib/conversions/imc/boore_kishida_2017_test.py" line="184" name="test_bk17" time="0.294" /><testcase classname="tests.shakelib.conversions.imt.bommer_alarcon_2006_test" file="tests/shakelib/conversions/imt/bommer_alarcon_2006_test.py" line="18" name="test_bommeralarcon2006" time="0.001" /><testcase classname="tests.shakelib.conversions.imt.newmark_hall_1982_test" file="tests/shakelib/conversions/imt/newmark_hall_1982_test.py" line="19" name="test_newmarkhall1982" time="0.001" /><testcase classname="tests.shakelib.correlation.dummy_test" file="tests/shakelib/correlation/dummy_test.py" line="8" name="test_dummy_correlation" time="0.001" /><testcase classname="tests.shakelib.correlation.loth_baker_2013_test" file="tests/shakelib/correlation/loth_baker_2013_test.py" line="8" name="test_loth_baker_2012" time="0.034" /><testcase classname="tests.shakelib.directivity.bayless2013_test" file="tests/shakelib/directivity/bayless2013_test.py" line="25" name="test_ss3" time="0.012" /><testcase classname="tests.shakelib.directivity.bayless2013_test" file="tests/shakelib/directivity/bayless2013_test.py" line="311" name="test_ss3_m6" time="0.010" /><testcase classname="tests.shakelib.directivity.bayless2013_test" file="tests/shakelib/directivity/bayless2013_test.py" line="381" name="test_ss3_move_hypo1" time="0.062" /><testcase classname="tests.shakelib.directivity.bayless2013_test" file="tests/shakelib/directivity/bayless2013_test.py" line="496" name="test_ss3_m4p5" time="0.009" /><testcase classname="tests.shakelib.directivity.bayless2013_test" file="tests/shakelib/directivity/bayless2013_test.py" line="555" name="test_rv4" time="0.010" /><testcase classname="tests.shakelib.directivity.bayless2013_test" file="tests/shakelib/directivity/bayless2013_test.py" line="675" name="test_so6" time="0.014" /><testcase classname="tests.shakelib.directivity.rowshandel2013_test" file="tests/shakelib/directivity/rowshandel2013_test.py" line="25" name="test_exceptions" time="0.003" /><testcase classname="tests.shakelib.directivity.rowshandel2013_test" file="tests/shakelib/directivity/rowshandel2013_test.py" line="77" name="test_fromSites" time="0.247" /><testcase classname="tests.shakelib.directivity.rowshandel2013_test" file="tests/shakelib/directivity/rowshandel2013_test.py" line="144" name="test_ss3" time="1.171" /><testcase classname="tests.shakelib.directivity.rowshandel2013_test" file="tests/shakelib/directivity/rowshandel2013_test.py" line="1874" name="test_rv4" time="0.081" /><testcase classname="tests.shakelib.directivity.rowshandel2013_test" file="tests/shakelib/directivity/rowshandel2013_test.py" line="1985" name="test_so6" time="0.224" /><testcase classname="tests.shakelib.gmice.ak07_test" file="tests/shakelib/gmice/ak07_test.py" line="35" name="test_ak07" time="0.004" /><testcase classname="tests.shakelib.gmice.fm11_test" file="tests/shakelib/gmice/fm11_test.py" line="35" name="test_fm11" time="0.004" /><testcase classname="tests.shakelib.gmice.wald99_test" file="tests/shakelib/gmice/wald99_test.py" line="23" name="test_wald99" time="0.004" /><testcase classname="tests.shakelib.gmice.wgrw12_test" file="tests/shakelib/gmice/wgrw12_test.py" line="35" name="test_wgrw12" time="0.006" /><testcase classname="tests.shakelib.gmpe.nga_east_test" file="tests/shakelib/gmpe/nga_east_test.py" line="61" name="test_nga_east" time="11.875" /><testcase classname="tests.shakelib.plotting.plot_rupture_test" file="tests/shakelib/plotting/plot_rupture_test.py" line="24" name="test_plot_rupture" time="0.128" /><testcase classname="tests.shakelib.plotting.plot_rupture_test" file="tests/shakelib/plotting/plot_rupture_test.py" line="66" name="test_map_rupture" time="1.336" /><testcase classname="tests.shakelib.rupture.origin_test" file="tests/shakelib/rupture/origin_test.py" line="18" name="test_origin" time="0.003" /><testcase classname="tests.shakelib.rupture.rupture_test" file="tests/shakelib/rupture/rupture_test.py" line="44" name="test_no_origin" time="0.001" /><testcase classname="tests.shakelib.rupture.rupture_test" file="tests/shakelib/rupture/rupture_test.py" line="54" name="test_text_to_json" time="0.001" /><testcase classname="tests.shakelib.rupture.rupture_test" file="tests/shakelib/rupture/rupture_test.py" line="149" name="test_rupture_from_dict" time="76.746" /><testcase classname="tests.shakelib.rupture.rupture_test" file="tests/shakelib/rupture/rupture_test.py" line="319" name="test_EdgeRupture" time="0.171" /><testcase classname="tests.shakelib.rupture.rupture_test" file="tests/shakelib/rupture/rupture_test.py" line="433" name="test_QuadRupture" time="0.047" /><testcase classname="tests.shakelib.rupture.rupture_test" file="tests/shakelib/rupture/rupture_test.py" line="504" name="test_rupture_depth" time="17.111" /><testcase classname="tests.shakelib.rupture.rupture_test" file="tests/shakelib/rupture/rupture_test.py" line="611" name="test_slip" time="0.005" /><testcase classname="tests.shakelib.rupture.rupture_test" file="tests/shakelib/rupture/rupture_test.py" line="666" name="test_northridge" time="0.007" /><testcase classname="tests.shakelib.rupture.rupture_test" file="tests/shakelib/rupture/rupture_test.py" line="730" name="test_parse_complicated_rupture" time="0.032" /><testcase classname="tests.shakelib.rupture.rupture_test" file="tests/shakelib/rupture/rupture_test.py" line="849" name="test_incorrect" time="0.003" /><testcase classname="tests.shakelib.rupture.rupture_test" file="tests/shakelib/rupture/rupture_test.py" line="1043" name="test_fromTrace" time="0.009" /><testcase classname="tests.shakelib.rupture.rupture_test" file="tests/shakelib/rupture/rupture_test.py" line="1127" name="test_with_quakeml" time="0.284" /><testcase classname="tests.shakelib.rupture.rupture_test" file="tests/shakelib/rupture/rupture_test.py" line="1172" name="test_fromOrientation" time="0.007" /><testcase classname="tests.shakelib.utils.container_test" file="tests/shakelib/utils/container_test.py" line="37" name="test_input_container" time="0.606" /><testcase classname="tests.shakelib.utils.container_test" file="tests/shakelib/utils/container_test.py" line="142" name="test_output_container" time="0.223" /><testcase classname="tests.shakelib.utils.container_test" file="tests/shakelib/utils/container_test.py" line="307" name="test_output_arrays" time="0.022" /><testcase classname="tests.shakelib.utils.geodetic_distance_test" file="tests/shakelib/utils/geodetic_distance_test.py" line="10" name="test_distances" time="0.001" /><testcase classname="tests.shakelib.utils.str_imt_test" file="tests/shakelib/utils/str_imt_test.py" line="5" name="test_imt" time="0.001" /><testcase classname="tests.shakelib.utils.utils_test" file="tests/shakelib/utils/utils_test.py" line="22" name="test_replace_dyfi" time="0.050" /><testcase classname="tests.shakelib.utils.utils_test" file="tests/shakelib/utils/utils_test.py" line="59" name="test_get_extent_small_point" time="0.243" /><testcase classname="tests.shakelib.utils.utils_test" file="tests/shakelib/utils/utils_test.py" line="74" name="test_get_extent_small_complex" time="0.067" /><testcase classname="tests.shakelib.utils.utils_test" file="tests/shakelib/utils/utils_test.py" line="89" name="test_get_extent_bad_usage" time="0.001" /><testcase classname="tests.shakelib.utils.utils_test" file="tests/shakelib/utils/utils_test.py" line="99" name="test_get_extent_aspect" time="0.121" /><testcase classname="tests.shakelib.utils.utils_test" file="tests/shakelib/utils/utils_test.py" line="143" name="test_get_extent_stable_small" time="0.273" /><testcase classname="tests.shakelib.utils.utils_test" file="tests/shakelib/utils/utils_test.py" line="158" name="test_get_extent_stable_large" time="0.270" /><testcase classname="tests.shakelib.utils.utils_test" file="tests/shakelib/utils/utils_test.py" line="173" name="test_is_stable" time="0.216" /><testcase classname="tests.shakelib.utils.utils_test" file="tests/shakelib/utils/utils_test.py" line="183" name="test_extent_config" time="0.002" /><testcase classname="tests.shakelib.utils.utils_test" file="tests/shakelib/utils/utils_test.py" line="224" name="test_exception" time="0.001" /><testcase classname="tests.shakemap.coremods.assemble_augment_test" file="tests/shakemap/coremods/assemble_augment_test.py" line="17" name="test_assemble_augment" time="4.046" /><testcase classname="tests.shakemap.coremods.assemble_augment_test" file="tests/shakemap/coremods/assemble_augment_test.py" line="227" name="test_assemble_augment_command_line" time="5.312" /><testcase classname="tests.shakemap.coremods.assemble_sim_test" file="tests/shakemap/coremods/assemble_sim_test.py" line="10" name="test_assemble_sim" time="0.250" /><testcase classname="tests.shakemap.coremods.associate_test" file="tests/shakemap/coremods/associate_test.py" line="14" name="test_associate" time="0.599" /><testcase classname="tests.shakemap.coremods.contour_test" file="tests/shakemap/coremods/contour_test.py" line="6" name="test_intervals" time="0.003" /><testcase classname="tests.shakemap.coremods.dyfi_test" file="tests/shakemap/coremods/dyfi_test.py" line="19" name="test_geocoded" time="0.532" /><testcase classname="tests.shakemap.coremods.dyfi_test" file="tests/shakemap/coremods/dyfi_test.py" line="42" name="test_dyfi" time="0.355" /><testcase classname="tests.shakemap.coremods.kml_test" file="tests/shakemap/coremods/kml_test.py" line="15" name="test_create_kmz" time="5.377" /><testcase classname="tests.shakemap.coremods.model_test" file="tests/shakemap/coremods/model_test.py" line="19" name="test_model_2" time="22.952" /><testcase classname="tests.shakemap.coremods.model_test" file="tests/shakemap/coremods/model_test.py" line="47" name="test_model_3" time="12.372" /><testcase classname="tests.shakemap.coremods.model_test" file="tests/shakemap/coremods/model_test.py" line="65" name="test_model_4" time="16.873" /><testcase classname="tests.shakemap.coremods.model_test" file="tests/shakemap/coremods/model_test.py" line="84" name="test_model_sim" time="16.105" /><testcase classname="tests.shakemap.coremods.model_test" file="tests/shakemap/coremods/model_test.py" line="98" name="test_directivity" time="13.011" /><testcase classname="tests.shakemap.coremods.model_test" file="tests/shakemap/coremods/model_test.py" line="127" name="test_masking" time="16.172" /><testcase classname="tests.shakemap.coremods.products_test" file="tests/shakemap/coremods/products_test.py" line="278" name="test_points" time="16.063" /><testcase classname="tests.shakemap.coremods.products_test" file="tests/shakemap/coremods/products_test.py" line="297" name="test_products" time="21.568" /><testcase classname="tests.shakemap.coremods.select_test" file="tests/shakemap/coremods/select_test.py" line="14" name="test_select" time="4.964" /><testcase classname="tests.shakemap.coremods.sleep_test" file="tests/shakemap/coremods/sleep_test.py" line="12" name="test_sleep" time="0.002" /><testcase classname="tests.shakemap.coremods.sleep_test" file="tests/shakemap/coremods/sleep_test.py" line="18" name="test_sleep_command_line" time="2.235" /><testcase classname="tests.shakemap.coremods.verification_test" file="tests/shakemap/coremods/verification_test.py" line="60" name="test_verification_0001" time="26.287" /><testcase classname="tests.shakemap.coremods.verification_test" file="tests/shakemap/coremods/verification_test.py" line="74" name="test_verification_0002" time="26.054" /><testcase classname="tests.shakemap.coremods.verification_test" file="tests/shakemap/coremods/verification_test.py" line="90" name="test_verification_0003" time="26.261" /><testcase classname="tests.shakemap.coremods.verification_test" file="tests/shakemap/coremods/verification_test.py" line="105" name="test_verification_0004" time="26.703" /><testcase classname="tests.shakemap.coremods.verification_test" file="tests/shakemap/coremods/verification_test.py" line="120" name="test_verification_0005" time="26.568" /><testcase classname="tests.shakemap.coremods.verification_test" file="tests/shakemap/coremods/verification_test.py" line="134" name="test_verification_0008a" time="26.626" /><testcase classname="tests.shakemap.coremods.verification_test" file="tests/shakemap/coremods/verification_test.py" line="150" name="test_verification_0008b" time="26.702" /><testcase classname="tests.shakemap.coremods.verification_test" file="tests/shakemap/coremods/verification_test.py" line="166" name="test_verification_0008c" time="26.679" /><testcase classname="tests.shakemap.coremods.verification_test" file="tests/shakemap/coremods/verification_test.py" line="182" name="test_verification_0008d" time="26.531" /><testcase classname="tests.shakemap.coremods.verification_test" file="tests/shakemap/coremods/verification_test.py" line="198" name="test_verification_0008e" time="26.631" /><testcase classname="tests.shakemap.coremods.verification_test" file="tests/shakemap/coremods/verification_test.py" line="214" name="test_verification" time="206.212" /><testcase classname="tests.shakemap.mapping.mapmaker_test" file="tests/shakemap/mapping/mapmaker_test.py" line="17" name="test_mapmaker_intensity" time="4.077" /><testcase classname="tests.shakemap.mapping.mapmaker_test" file="tests/shakemap/mapping/mapmaker_test.py" line="84" name="test_mapmaker_contour" time="4.538" /><testcase classname="tests.shakemap.programs.profile_test" file="tests/shakemap/programs/profile_test.py" line="16" name="test_profile" time="8.680" /><testcase classname="tests.shakemap.programs.shake_test" file="tests/shakemap/programs/shake_test.py" line="33" name="test_shake" time="6.524" /><testcase classname="tests.shakemap.programs.sm_compare_test" file="tests/shakemap/programs/sm_compare_test.py" line="13" name="test_sm_compare" time="2.387" /><testcase classname="tests.shakemap.programs.sm_rupture_test" file="tests/shakemap/programs/sm_rupture_test.py" line="32" name="test_rupture" time="1.723" /><testcase classname="tests.shakemap.utils.amps_test" file="tests/shakemap/utils/amps_test.py" line="14" name="test_amps" time="3.235" /><testcase classname="tests.shakemap.utils.config_test" file="tests/shakemap/utils/config_test.py" line="29" name="test_config" time="0.197" /><testcase classname="tests.shakemap.utils.config_test" file="tests/shakemap/utils/config_test.py" line="316" name="test_config_check" time="0.058" /><testcase classname="tests.shakemap.utils.dependency_test" file="tests/shakemap/utils/dependency_test.py" line="34" name="test_sha256" time="0.005" /><testcase classname="tests.shakemap.utils.dependency_test" file="tests/shakemap/utils/dependency_test.py" line="40" name="test_depnode" time="0.001" /><testcase classname="tests.shakemap.utils.dependency_test" file="tests/shakemap/utils/dependency_test.py" line="134" name="test_command_database" time="0.524" /><testcase classname="tests.shakemap.utils.generic_amp_test" file="tests/shakemap/utils/generic_amp_test.py" line="58" name="test_generic_amp" time="0.092" /><testcase classname="tests.shakemap.utils.layer_test" file="tests/shakemap/utils/layer_test.py" line="26" name="test_layers" time="0.655" /><testcase classname="tests.shakemap.utils.macros_test" file="tests/shakemap/utils/macros_test.py" line="8" name="test_macros" time="0.003" /><testcase classname="tests.shakemap.utils.probs_test" file="tests/shakemap/utils/probs_test.py" line="15" name="test_probs" time="18.400" /><testcase classname="tests.shakemap.utils.queue_test" file="tests/shakemap/utils/queue_test.py" line="34" name="test_send_queue" time="0.003" /><testcase classname="tests.shakemap.utils.queue_test" file="tests/shakemap/utils/queue_test.py" line="56" name="test_str_to_seconds" time="0.001" /><testcase classname="tests.shakemap.utils.queue_test" file="tests/shakemap/utils/queue_test.py" line="67" name="test_get_config" time="0.002" /><testcase classname="tests.shakemap.utils.queue_test" file="tests/shakemap/utils/queue_test.py" line="93" name="test_event_queue" time="0.786" /><testcase classname="tests.shakemap.utils.queue_test" file="tests/shakemap/utils/queue_test.py" line="149" name="test_queue" time="5.038" /><testcase classname="tests.shakemap.utils.utilssm_test" file="tests/shakemap/utils/utilssm_test.py" line="19" name="test_network" time="2.114" /><testcase classname="tests.shakemap.utils.utilssm_test" file="tests/shakemap/utils/utilssm_test.py" line="25" name="test_migrate" time="0.004" /><testcase classname="tests.shakemap.utils.utilssm_test" file="tests/shakemap/utils/utilssm_test.py" line="46" name="test_set_gmpe" time="0.001" /><testcase classname="tests.shakemap.utils.utilssm_test" file="tests/shakemap/utils/utilssm_test.py" line="55" name="test_get_object_from_config" time="0.001" /><testcase classname="tests.shakemap.utils.utilssm_test" file="tests/shakemap/utils/utilssm_test.py" line="62" name="test_query_yes_no" time="0.002" /></testsuite></testsuites>